<?xml version="1.0" encoding="UTF-8"?>
<!-- Generated by org.testng.reporters.JUnitReportReporter -->
<testsuite hostname="DESKTOP-C720OUB" failures="0" tests="1" name="tests.LoginTest" time="1.113" errors="0" timestamp="2025-05-09T12:56:44 IST" skipped="0">
  <testcase classname="tests.LoginTest" name="validLoginTest" time="1.113"/>
</testsuite> <!-- tests.LoginTest -->
